[    0.000000] Linux version 4.15.0-212-generic (buildd@lcy02-amd64-083) (gcc version 7.5.0 (Ubuntu 7.5.0-3ubuntu1~18.04)) #223-Ubuntu SMP Tue May 23 13:09:22 UTC 2023 (Ubuntu 4.15.0-212.223-generic 4.15.18)
[    0.000000] Command line: BOOT_IMAGE=/boot/vmlinuz-4.15.0-212-generic root=LABEL=cloudimg-rootfs ro console=tty1 console=ttyS0
[    0.000000] KERNEL supported cpus:
[    0.000000]   Intel GenuineIntel
[    0.000000]   AMD AuthenticAMD
[    0.000000]   Centaur CentaurHauls
[    0.000000] [Firmware Bug]: TSC doesn't count with P0 frequency!
[    0.000000] x86/fpu: Supporting XSAVE feature 0x001: 'x87 floating point registers'
[    0.000000] x86/fpu: Supporting XSAVE feature 0x002: 'SSE registers'
[    0.000000] x86/fpu: Supporting XSAVE feature 0x004: 'AVX registers'
[    0.000000] x86/fpu: xstate_offset[2]:  576, xstate_sizes[2]:  256
[    0.000000] x86/fpu: Enabled xstate features 0x7, context size is 832 bytes, using 'standard' format.
[    0.000000] e820: BIOS-provided physical RAM map:
[    0.000000] BIOS-e820: [mem 0x0000000000000000-0x000000000009fbff] usable
[    0.000000] BIOS-e820: [mem 0x000000000009fc00-0x000000000009ffff] reserved
[    0.000000] BIOS-e820: [mem 0x00000000000f0000-0x00000000000fffff] reserved
[    0.000000] BIOS-e820: [mem 0x0000000000100000-0x000000003ffeffff] usable
[    0.000000] BIOS-e820: [mem 0x000000003fff0000-0x000000003fffffff] ACPI data
[    0.000000] BIOS-e820: [mem 0x00000000fec00000-0x00000000fec00fff] reserved
[    0.000000] BIOS-e820: [mem 0x00000000fee00000-0x00000000fee00fff] reserved
[    0.000000] BIOS-e820: [mem 0x00000000fffc0000-0x00000000ffffffff] reserved
[    0.000000] NX (Execute Disable) protection: active
[    0.000000] SMBIOS 2.5 present.
[    0.000000] DMI: innotek GmbH VirtualBox/VirtualBox, BIOS VirtualBox 12/01/2006
[    0.000000] Hypervisor detected: KVM
[    0.000000] e820: last_pfn = 0x3fff0 max_arch_pfn = 0x400000000
[    0.000000] x86/PAT: Configuration [0-7]: WB  WC  UC- UC  WB  WP  UC- WT  
[    0.000000] found SMP MP-table at [mem 0x0009fbf0-0x0009fbff]
[    0.000000] Scanning 1 areas for low memory corruption
[    0.000000] RAMDISK: [mem 0x359cb000-0x36cdcfff]
[    0.000000] ACPI: Early table checksum verification disabled
[    0.000000] ACPI: RSDP 0x00000000000E0000 000024 (v02 VBOX  )
[    0.000000] ACPI: XSDT 0x000000003FFF0030 00003C (v01 VBOX   VBOXXSDT 00000001 ASL  00000061)
[    0.000000] ACPI: FACP 0x000000003FFF00F0 0000F4 (v04 VBOX   VBOXFACP 00000001 ASL  00000061)
[    0.000000] ACPI: DSDT 0x000000003FFF0610 002353 (v02 VBOX   VBOXBIOS 00000002 INTL 20100528)
[    0.000000] ACPI: FACS 0x000000003FFF0200 000040
[    0.000000] ACPI: FACS 0x000000003FFF0200 000040
[    0.000000] ACPI: APIC 0x000000003FFF0240 00005C (v02 VBOX   VBOXAPIC 00000001 ASL  00000061)
[    0.000000] ACPI: SSDT 0x000000003FFF02A0 00036C (v01 VBOX   VBOXCPUT 00000002 INTL 20100528)
[    0.000000] ACPI: Reserving FACP table memory at [mem 0x3fff00f0-0x3fff01e3]
[    0.000000] ACPI: Reserving DSDT table memory at [mem 0x3fff0610-0x3fff2962]
[    0.000000] ACPI: Reserving FACS table memory at [mem 0x3fff0200-0x3fff023f]
[    0.000000] ACPI: Reserving FACS table memory at [mem 0x3fff0200-0x3fff023f]
[    0.000000] ACPI: Reserving APIC table memory at [mem 0x3fff0240-0x3fff029b]
[    0.000000] ACPI: Reserving SSDT table memory at [mem 0x3fff02a0-0x3fff060b]
[    0.000000] No NUMA configuration found
[    0.000000] Faking a node at [mem 0x0000000000000000-0x000000003ffeffff]
[    0.000000] NODE_DATA(0) allocated [mem 0x3ffc5000-0x3ffeffff]
[    0.000000] kvm-clock: cpu 0, msr 0:3ff44001, primary cpu clock
[    0.000000] kvm-clock: Using msrs 4b564d01 and 4b564d00
[    0.000000] kvm-clock: using sched offset of 3104234421 cycles
[    0.000000] clocksource: kvm-clock: mask: 0xffffffffffffffff max_cycles: 0x1cd42e4dffb, max_idle_ns: 881590591483 ns
[    0.000000] Zone ranges:
[    0.000000]   DMA      [mem 0x0000000000001000-0x0000000000ffffff]
[    0.000000]   DMA32    [mem 0x0000000001000000-0x000000003ffeffff]
[    0.000000]   Normal   empty
[    0.000000]   Device   empty
[    0.000000] Movable zone start for each node
[    0.000000] Early memory node ranges
[    0.000000]   node   0: [mem 0x0000000000001000-0x000000000009efff]
[    0.000000]   node   0: [mem 0x0000000000100000-0x000000003ffeffff]
[    0.000000] Reserved but unavailable: 104 pages
[    0.000000] Initmem setup node 0 [mem 0x0000000000001000-0x000000003ffeffff]
[    0.000000] ACPI: PM-Timer IO Port: 0x4008
[    0.000000] IOAPIC[0]: apic_id 2, version 32, address 0xfec00000, GSI 0-23
[    0.000000] ACPI: INT_SRC_OVR (bus 0 bus_irq 0 global_irq 2 dfl dfl)
[    0.000000] ACPI: INT_SRC_OVR (bus 0 bus_irq 9 global_irq 9 low level)
[    0.000000] Using ACPI (MADT) for SMP configuration information
[    0.000000] smpboot: Allowing 2 CPUs, 0 hotplug CPUs
[    0.000000] PM: Registered nosave memory: [mem 0x00000000-0x00000fff]
[    0.000000] PM: Registered nosave memory: [mem 0x0009f000-0x0009ffff]
[    0.000000] PM: Registered nosave memory: [mem 0x000a0000-0x000effff]
[    0.000000] PM: Registered nosave memory: [mem 0x000f0000-0x000fffff]
[    0.000000] e820: [mem 0x40000000-0xfebfffff] available for PCI devices
[    0.000000] Booting paravirtualized kernel on KVM
[    0.000000] clocksource: refined-jiffies: mask: 0xffffffff max_cycles: 0xffffffff, max_idle_ns: 7645519600211568 ns
[    0.000000] setup_percpu: NR_CPUS:8192 nr_cpumask_bits:2 nr_cpu_ids:2 nr_node_ids:1
[    0.000000] percpu: Embedded 50 pages/cpu s167936 r8192 d28672 u1048576
[    0.000000] PV qspinlock hash table entries: 256 (order: 0, 4096 bytes)
[    0.000000] Built 1 zonelists, mobility grouping on.  Total pages: 257913
[    0.000000] Policy zone: DMA32
[    0.000000] Kernel command line: BOOT_IMAGE=/boot/vmlinuz-4.15.0-212-generic root=LABEL=cloudimg-rootfs ro console=tty1 console=ttyS0
[    0.000000] Memory: 982644K/1048120K available (12300K kernel code, 2477K rwdata, 4324K rodata, 2480K init, 2720K bss, 65476K reserved, 0K cma-reserved)
[    0.000000] SLUB: HWalign=64, Order=0-3, MinObjects=0, CPUs=2, Nodes=1
[    0.000000] ftrace: allocating 39508 entries in 155 pages
[    0.004000] Hierarchical RCU implementation.
[    0.004000] 	RCU restricting CPUs from NR_CPUS=8192 to nr_cpu_ids=2.
[    0.004000] 	Tasks RCU enabled.
[    0.004000] RCU: Adjusting geometry for rcu_fanout_leaf=16, nr_cpu_ids=2
[    0.004000] NR_IRQS: 524544, nr_irqs: 440, preallocated irqs: 16
[    0.004000] random: crng init done
[    0.004000] Console: colour VGA+ 80x25
[    0.004000] console [tty1] enabled
[    0.004000] console [ttyS0] enabled
[    0.004000] ACPI: Core revision 20170831
[    0.004000] ACPI: 2 ACPI AML tables successfully acquired and loaded
[    0.004000] APIC: Switch to symmetric I/O mode setup
[    0.004000] x2apic enabled
[    0.004000] Switched APIC routing to physical x2apic.
[    0.004000] ..TIMER: vector=0x30 apic1=0 pin1=2 apic2=-1 pin2=-1
[    0.004000] tsc: Detected 3493.440 MHz processor
[    0.004000] Calibrating delay loop (skipped) preset value.. 6986.88 BogoMIPS (lpj=13973760)
[    0.004000] pid_max: default: 32768 minimum: 301
[    0.004000] Security Framework initialized
[    0.004000] Yama: becoming mindful.
[    0.004000] AppArmor: AppArmor initialized
[    0.004000] Dentry cache hash table entries: 131072 (order: 8, 1048576 bytes)
[    0.004000] Inode-cache hash table entries: 65536 (order: 7, 524288 bytes)
[    0.004000] Mount-cache hash table entries: 2048 (order: 2, 16384 bytes)
[    0.004000] Mountpoint-cache hash table entries: 2048 (order: 2, 16384 bytes)
[    0.004000] Last level iTLB entries: 4KB 1024, 2MB 1024, 4MB 512
[    0.004000] Last level dTLB entries: 4KB 1536, 2MB 1536, 4MB 768, 1GB 0
[    0.004000] Spectre V1 : Mitigation: usercopy/swapgs barriers and __user pointer sanitization
[    0.004000] Spectre V2 : Mitigation: Retpolines
[    0.004000] Spectre V2 : Spectre v2 / SpectreRSB mitigation: Filling RSB on context switch
[    0.004000] Spectre V2 : Spectre v2 / SpectreRSB : Filling RSB on VMEXIT
[    0.004000] RETBleed: Vulnerable
[    0.004000] Freeing SMP alternatives memory: 36K
[    0.119579] APIC calibration not consistent with PM-Timer: 111ms instead of 100ms
[    0.120000] APIC delta adjusted to PM-Timer: 6472806 (7224815)
[    0.120143] smpboot: CPU0: AMD Ryzen 3 1300X Quad-Core Processor (family: 0x17, model: 0x1, stepping: 0x1)
[    0.122357] Performance Events: PMU not available due to virtualization, using software events only.
[    0.124023] Hierarchical SRCU implementation.
[    0.125371] NMI watchdog: Perf event create on CPU 0 failed with -2
[    0.126639] NMI watchdog: Perf NMI watchdog permanently disabled
[    0.128075] smp: Bringing up secondary CPUs ...
[    0.128883] x86: Booting SMP configuration:
[    0.129591] .... node  #0, CPUs:      #1
[    0.004000] kvm-clock: cpu 1, msr 0:3ff44041, secondary cpu clock
[    0.132022] smp: Brought up 1 node, 2 CPUs
[    0.132701] smpboot: Max logical packages: 1
[    0.133773] smpboot: Total of 2 processors activated (13973.76 BogoMIPS)
[    0.136323] devtmpfs: initialized
[    0.136756] x86/mm: Memory block size: 128MB
[    0.137570] evm: security.selinux
[    0.140006] evm: security.SMACK64
[    0.140562] evm: security.SMACK64EXEC
[    0.141182] evm: security.SMACK64TRANSMUTE
[    0.141900] evm: security.SMACK64MMAP
[    0.142529] evm: security.apparmor
[    0.143092] evm: security.ima
[    0.143580] evm: security.capability
[    0.144067] clocksource: jiffies: mask: 0xffffffff max_cycles: 0xffffffff, max_idle_ns: 7645041785100000 ns
[    0.144067] futex hash table entries: 512 (order: 3, 32768 bytes)
[    0.145262] pinctrl core: initialized pinctrl subsystem
[    0.148066] RTC time: 19:27:07, date: 04/21/25
[    0.149165] NET: Registered protocol family 16
[    0.150177] audit: initializing netlink subsys (disabled)
[    0.152030] audit: type=2000 audit(1745263631.962:1): state=initialized audit_enabled=0 res=1
[    0.153435] cpuidle: using governor ladder
[    0.153435] cpuidle: using governor menu
[    0.156069] ACPI: bus type PCI registered
[    0.156754] acpiphp: ACPI Hot Plug PCI Controller Driver version: 0.5
[    0.156754] PCI: Using configuration type 1 for base access
[    0.156965] PCI: Using configuration type 1 for extended access
[    0.160029] HugeTLB registered 2.00 MiB page size, pre-allocated 0 pages
[    0.160063] ACPI: Added _OSI(Module Device)
[    0.160782] ACPI: Added _OSI(Processor Device)
[    0.161466] ACPI: Added _OSI(3.0 _SCP Extensions)
[    0.162179] ACPI: Added _OSI(Processor Aggregator Device)
[    0.162977] ACPI: Added _OSI(Linux-Dell-Video)
[    0.164004] ACPI: Added _OSI(Linux-Lenovo-NV-HDMI-Audio)
[    0.164775] ACPI: Added _OSI(Linux-HPI-Hybrid-Graphics)
[    0.165820] ACPI: Executed 1 blocks of module-level executable AML code
[    0.169958] ACPI: Interpreter enabled
[    0.171270] ACPI: (supports S0 S5)
[    0.171938] ACPI: Using IOAPIC for interrupt routing
[    0.172251] PCI: Using host bridge windows from ACPI; if necessary, use "pci=nocrs" and report a bug
[    0.173808] ACPI: Enabled 2 GPEs in block 00 to 07
[    0.181287] ACPI: PCI Root Bridge [PCI0] (domain 0000 [bus 00-ff])
[    0.182243] acpi PNP0A03:00: _OSC: OS supports [ExtendedConfig ASPM ClockPM Segments MSI]
[    0.184203] acpi PNP0A03:00: _OSC: platform does not support [PCIeCapability]
[    0.186171] acpi PNP0A03:00: _OSC: not requesting control; platform does not support [PCIeCapability]
[    0.187700] acpi PNP0A03:00: _OSC: OS requested [PCIeHotplug PME AER PCIeCapability]
[    0.188009] acpi PNP0A03:00: _OSC: platform willing to grant [PCIeHotplug PME AER]
[    0.189204] acpi PNP0A03:00: _OSC failed (AE_SUPPORT); disabling ASPM
[    0.190705] PCI host bridge to bus 0000:00
[    0.192005] pci_bus 0000:00: root bus resource [io  0x0000-0x0cf7 window]
[    0.192996] pci_bus 0000:00: root bus resource [io  0x0d00-0xffff window]
[    0.193998] pci_bus 0000:00: root bus resource [mem 0x000a0000-0x000bffff window]
[    0.195143] pci_bus 0000:00: root bus resource [mem 0x40000000-0xfdffffff window]
[    0.196007] pci_bus 0000:00: root bus resource [bus 00-ff]
[    0.198746] pci 0000:00:01.1: legacy IDE quirk: reg 0x10: [io  0x01f0-0x01f7]
[    0.200003] pci 0000:00:01.1: legacy IDE quirk: reg 0x14: [io  0x03f6]
[    0.200985] pci 0000:00:01.1: legacy IDE quirk: reg 0x18: [io  0x0170-0x0177]
[    0.202036] pci 0000:00:01.1: legacy IDE quirk: reg 0x1c: [io  0x0376]
[    0.216396] pci 0000:00:07.0: quirk: [io  0x4000-0x403f] claimed by PIIX4 ACPI
[    0.217654] pci 0000:00:07.0: quirk: [io  0x4100-0x410f] claimed by PIIX4 SMB
[    0.228433] ACPI: PCI Interrupt Link [LNKA] (IRQs 5 9 10 *11)
[    0.229761] ACPI: PCI Interrupt Link [LNKB] (IRQs 5 9 *10 11)
[    0.230908] ACPI: PCI Interrupt Link [LNKC] (IRQs 5 *9 10 11)
[    0.231903] ACPI: PCI Interrupt Link [LNKD] (IRQs 5 9 10 *11)
[    0.232409] SCSI subsystem initialized
[    0.233041] pci 0000:00:02.0: vgaarb: setting as boot VGA device
[    0.233041] pci 0000:00:02.0: vgaarb: VGA device added: decodes=io+mem,owns=io+mem,locks=none
[    0.236012] pci 0000:00:02.0: vgaarb: bridge control possible
[    0.236916] vgaarb: loaded
[    0.237372] ACPI: bus type USB registered
[    0.238014] usbcore: registered new interface driver usbfs
[    0.239243] usbcore: registered new interface driver hub
[    0.240035] usbcore: registered new device driver usb
[    0.240827] EDAC MC: Ver: 3.0.0
[    0.240827] PCI: Using ACPI for IRQ routing
[    0.244025] NetLabel: Initializing
[    0.244553] NetLabel:  domain hash size = 128
[    0.245235] NetLabel:  protocols = UNLABELED CIPSOv4 CALIPSO
[    0.246082] NetLabel:  unlabeled traffic allowed by default
[    0.246928] clocksource: Switched to clocksource kvm-clock
[    0.255962] VFS: Disk quotas dquot_6.6.0
[    0.256686] VFS: Dquot-cache hash table entries: 512 (order 0, 4096 bytes)
[    0.257908] AppArmor: AppArmor Filesystem Enabled
[    0.258670] pnp: PnP ACPI init
[    0.260270] pnp: PnP ACPI: found 3 devices
[    0.269529] clocksource: acpi_pm: mask: 0xffffff max_cycles: 0xffffff, max_idle_ns: 2085701024 ns
[    0.271012] NET: Registered protocol family 2
[    0.271855] IP idents hash table entries: 16384 (order: 5, 131072 bytes)
[    0.274012] TCP established hash table entries: 8192 (order: 4, 65536 bytes)
[    0.275342] TCP bind hash table entries: 8192 (order: 5, 131072 bytes)
[    0.276487] TCP: Hash tables configured (established 8192 bind 8192)
[    0.277449] UDP hash table entries: 512 (order: 2, 16384 bytes)
[    0.278663] UDP-Lite hash table entries: 512 (order: 2, 16384 bytes)
[    0.279828] NET: Registered protocol family 1
[    0.280660] pci 0000:00:00.0: Limiting direct PCI/PCI transfers
[    0.281637] pci 0000:00:01.0: Activating ISA DMA hang workarounds
[    0.282746] pci 0000:00:02.0: Video device with shadowed ROM at [mem 0x000c0000-0x000dffff]
[    0.284219] Unpacking initramfs...
[    0.573061] Freeing initrd memory: 19528K
[    0.573899] clocksource: tsc: mask: 0xffffffffffffffff max_cycles: 0x325b1b7af2d, max_idle_ns: 440795224424 ns
[    0.575528] platform rtc_cmos: registered platform RTC device (no PNP device found)
[    0.577282] Scanning for low memory corruption every 60 seconds
[    0.578729] Initialise system trusted keyrings
[    0.579418] Key type blacklist registered
[    0.580099] workingset: timestamp_bits=36 max_order=18 bucket_order=0
[    0.581835] zbud: loaded
[    0.582814] squashfs: version 4.0 (2009/01/31) Phillip Lougher
[    0.584312] fuse init (API version 7.26)
[    0.587521] Key type asymmetric registered
[    0.588169] Asymmetric key parser 'x509' registered
[    0.588975] Block layer SCSI generic (bsg) driver version 0.4 loaded (major 246)
[    0.590130] io scheduler noop registered
[    0.590771] io scheduler deadline registered
[    0.591770] io scheduler cfq registered (default)
[    0.593176] ACPI: AC Adapter [AC] (on-line)
[    0.594338] input: Power Button as /devices/LNXSYSTM:00/LNXPWRBN:00/input/input0
[    0.595611] ACPI: Power Button [PWRF]
[    0.596288] input: Sleep Button as /devices/LNXSYSTM:00/LNXSLPBN:00/input/input1
[    0.597564] ACPI: Sleep Button [SLPF]
[    0.598592] Serial: 8250/16550 driver, 32 ports, IRQ sharing enabled
[    0.621528] 00:02: ttyS0 at I/O 0x3f8 (irq = 4, base_baud = 115200) is a 16550A
[    0.626385] Linux agpgart interface v0.103
[    0.628993] loop: module loaded
[    0.630047] scsi host0: ata_piix
[    0.630779] scsi host1: ata_piix
[    0.631342] ata1: PATA max UDMA/33 cmd 0x1f0 ctl 0x3f6 bmdma 0xd000 irq 14
[    0.632589] ata2: PATA max UDMA/33 cmd 0x170 ctl 0x376 bmdma 0xd008 irq 15
[    0.634341] tun: Universal TUN/TAP device driver, 1.6
[    0.635369] PPP generic driver version 2.4.2
[    0.636531] ehci_hcd: USB 2.0 'Enhanced' Host Controller (EHCI) Driver
[    0.637687] ehci-pci: EHCI PCI platform driver
[    0.638491] ehci-platform: EHCI generic platform driver
[    0.639415] ohci_hcd: USB 1.1 'Open' Host Controller (OHCI) Driver
[    0.640451] ohci-pci: OHCI PCI platform driver
[    0.641193] ohci-platform: OHCI generic platform driver
[    0.641989] uhci_hcd: USB Universal Host Controller Interface driver
[    0.643047] i8042: PNP: PS/2 Controller [PNP0303:PS2K,PNP0f03:PS2M] at 0x60,0x64 irq 1,12
[    0.645070] serio: i8042 KBD port at 0x60,0x64 irq 1
[    0.646003] serio: i8042 AUX port at 0x60,0x64 irq 12
[    0.646950] mousedev: PS/2 mouse device common for all mice
[    0.648039] input: AT Translated Set 2 keyboard as /devices/platform/i8042/serio0/input/input2
[    0.649673] rtc_cmos rtc_cmos: rtc core: registered rtc_cmos as rtc0
[    0.650869] rtc_cmos rtc_cmos: alarms up to one day, 114 bytes nvram
[    0.651918] i2c /dev entries driver
[    0.652561] device-mapper: uevent: version 1.0.3
[    0.653376] device-mapper: ioctl: 4.37.0-ioctl (2017-09-20) initialised: dm-devel@redhat.com
[    0.654772] ledtrig-cpu: registered to indicate activity on CPUs
[    0.656021] NET: Registered protocol family 10
[    0.659571] Segment Routing with IPv6
[    0.660248] NET: Registered protocol family 17
[    0.661117] Key type dns_resolver registered
[    0.662013] mce: Using 0 MCE banks
[    0.662594] RAS: Correctable Errors collector initialized.
[    0.663403] sched_clock: Marking stable (661986475, 0)->(820931504, -158945029)
[    0.664810] registered taskstats version 1
[    0.665430] Loading compiled-in X.509 certificates
[    0.668070] Loaded X.509 cert 'Build time autogenerated kernel key: b5b26778eaa3ab3a4a6cee031137706e947d12ad'
[    0.670171] Loaded X.509 cert 'Canonical Ltd. Live Patch Signing: 14df34d1a87cf37625abec039ef2bf521249b969'
[    0.672110] Loaded X.509 cert 'Canonical Ltd. Kernel Module Signing: 88f752e560a1e0737e31163a466ad7b70a850c19'
[    0.673756] blacklist: Loading compiled-in revocation X.509 certificates
[    0.674834] Loaded X.509 cert 'Canonical Ltd. Secure Boot Signing: 61482aa2830d0ab2ad5af10b7250da9033ddcef0'
[    0.676364] Loaded X.509 cert 'Canonical Ltd. Secure Boot Signing (2017): 242ade75ac4a15e50d50c84b0d45ff3eae707a03'
[    0.678004] Loaded X.509 cert 'Canonical Ltd. Secure Boot Signing (ESM 2018): 365188c1d374d6b07c3c8f240f8ef722433d6a8b'
[    0.679828] Loaded X.509 cert 'Canonical Ltd. Secure Boot Signing (2019): c0746fd6c5da3ae827864651ad66ae47fe24b3e8'
[    0.681402] Loaded X.509 cert 'Canonical Ltd. Secure Boot Signing (2021 v1): a8d54bbb3825cfb94fa13c9f8a594a195c107b8d'
[    0.682900] Loaded X.509 cert 'Canonical Ltd. Secure Boot Signing (2021 v2): 4cf046892d6fd3c9a5b03f98d845f90851dc6a8c'
[    0.684652] Loaded X.509 cert 'Canonical Ltd. Secure Boot Signing (2021 v3): 100437bb6de6e469b581e61cd66bce3ef4ed53af'
[    0.686263] Loaded X.509 cert 'Canonical Ltd. Secure Boot Signing (Ubuntu Core 2019): c1d57b8f6b743f23ee41f4f7ee292f06eecadfb9'
[    0.688050] zswap: loaded using pool lzo/zbud
[    0.691288] Key type big_key registered
[    0.691960] Key type trusted registered
[    0.693781] Key type encrypted registered
[    0.694499] AppArmor: AppArmor sha1 policy hashing enabled
[    0.695519] ima: No TPM chip found, activating TPM-bypass! (rc=-19)
[    0.696684] ima: Allocated hash algorithm: sha1
[    0.697522] evm: HMAC attrs: 0x1
[    0.698387]   Magic number: 5:508:496
[    0.699124] rtc_cmos rtc_cmos: setting system clock to 2025-04-21 19:27:07 UTC (1745263627)
[    0.702046] BIOS EDD facility v0.16 2004-Jun-25, 0 devices found
[    0.703269] EDD information not available.
[    0.821391] Freeing unused kernel image memory: 2480K
[    0.836513] Write protecting the kernel read-only data: 20480k
[    0.837909] Freeing unused kernel image memory: 2008K
[    0.839010] Freeing unused kernel image memory: 1820K
[    0.847238] x86/mm: Checked W+X mappings: passed, no W+X pages found.
Loading, please wait...
starting version 237
[    0.899543] Fusion MPT base driver 3.04.20
[    0.901383] Copyright (c) 1999-2008 LSI Corporation
[    0.904391] e1000: Intel(R) PRO/1000 Network Driver - version 7.3.21-k8-NAPI
[    0.905570] e1000: Copyright (c) 1999-2006 Intel Corporation.
[    0.910043] Fusion MPT SPI Host driver 3.04.20
[    0.925333] AVX2 version of gcm_enc/dec engaged.
[    0.926078] AES CTR mode by8 optimization enabled
[    1.119453] input: ImExPS/2 Generic Explorer Mouse as /devices/platform/i8042/serio1/input/input4
[    1.624035] e1000 0000:00:03.0 eth0: (PCI:33MHz:32-bit) 02:3b:7b:b7:3b:2d
[    1.625200] e1000 0000:00:03.0 eth0: Intel(R) PRO/1000 Network Connection
[    2.146144] e1000 0000:00:08.0 eth1: (PCI:33MHz:32-bit) 08:00:27:d8:06:88
[    2.147392] e1000 0000:00:08.0 eth1: Intel(R) PRO/1000 Network Connection
[    2.149240] e1000 0000:00:03.0 enp0s3: renamed from eth0
[    2.150547] mptbase: ioc0: Initiating bringup
[    2.165211] e1000 0000:00:08.0 enp0s8: renamed from eth1
[    2.260956] ioc0: LSI53C1030 A0: Capabilities={Initiator}
[    2.501960] scsi host2: ioc0: LSI53C1030 A0, FwRev=00000000h, Ports=1, MaxQ=256, IRQ=20
[    4.043895] scsi 2:0:0:0: Direct-Access     VBOX     HARDDISK         1.0  PQ: 0 ANSI: 5
[    4.076524] scsi target2:0:0: Beginning Domain Validation
[    4.078437] scsi target2:0:0: Domain Validation skipping write tests
[    4.079519] scsi target2:0:0: Ending Domain Validation
[    4.080743] scsi target2:0:0: asynchronous
[    4.081870] scsi 2:0:1:0: Direct-Access     VBOX     HARDDISK         1.0  PQ: 0 ANSI: 5
[    4.460426] scsi target2:0:1: Beginning Domain Validation
[    4.462294] scsi target2:0:1: Domain Validation skipping write tests
[    4.463586] scsi target2:0:1: Ending Domain Validation
[    4.464675] scsi target2:0:1: asynchronous
[    4.468784] sd 2:0:0:0: Attached scsi generic sg0 type 0
[    4.469666] sd 2:0:0:0: [sda] 83886080 512-byte logical blocks: (42.9 GB/40.0 GiB)
[    4.470159] sd 2:0:1:0: [sdb] 20480 512-byte logical blocks: (10.5 MB/10.0 MiB)
[    4.471758] sd 2:0:1:0: Attached scsi generic sg1 type 0
[    4.472760] sd 2:0:0:0: [sda] Write Protect is off
[    4.473797] sd 2:0:1:0: [sdb] Write Protect is off
[    4.476118] sd 2:0:1:0: [sdb] Incomplete mode parameter data
[    4.476121] sd 2:0:0:0: [sda] Incomplete mode parameter data
[    4.477003] sd 2:0:1:0: [sdb] Assuming drive cache: write through
[    4.477945] sd 2:0:0:0: [sda] Assuming drive cache: write through
[    4.484149]  sda: sda1
[    4.485986] sd 2:0:0:0: [sda] Attached SCSI disk
[    4.486893] sd 2:0:1:0: [sdb] Attached SCSI disk
Begin: Loading essential drivers ... [    5.932099] raid6: sse2x1   gen()  6788 MB/s
[    5.980843] raid6: sse2x1   xor()  6491 MB/s
[    6.028405] raid6: sse2x2   gen() 14098 MB/s
[    6.076267] raid6: sse2x2   xor()  9611 MB/s
[    6.124330] raid6: sse2x4   gen() 14277 MB/s
[    6.172283] raid6: sse2x4   xor()  8490 MB/s
[    6.220139] raid6: avx2x1   gen() 15916 MB/s
[    6.268088] raid6: avx2x1   xor() 12276 MB/s
[    6.316080] raid6: avx2x2   gen() 20547 MB/s
[    6.364022] raid6: avx2x2   xor() 13058 MB/s
[    6.412046] raid6: avx2x4   gen() 20065 MB/s
[    6.460223] raid6: avx2x4   xor() 10656 MB/s
[    6.461048] raid6: using algorithm avx2x2 gen() 20547 MB/s
[    6.461864] raid6: .... xor() 13058 MB/s, rmw enabled
[    6.462655] raid6: using avx2x2 recovery algorithm
[    6.464678] xor: automatically using best checksumming function   avx       
[    6.466537] async_tx: api initialized (async)
done.
Begin: Running /scripts/init-premount ... done.
Begin: Mounting root file system ... Begin: Running /scripts/local-top ... done.
Begin: Running /scripts/local-premount ... [    6.508326] Btrfs loaded, crc32c=crc32c-intel
Scanning for Btrfs filesystems
done.
Warning: fsck not present, so skipping root file system
[    6.532073] EXT4-fs (sda1): mounted filesystem with ordered data mode. Opts: (null)
done.
Begin: Running /scripts/local-bottom ... done.
Begin: Running /scripts/init-bottom ... done.
[    6.701569] ip_tables: (C) 2000-2006 Netfilter Core Team
[    6.711312] systemd[1]: systemd 237 running in system mode. (+PAM +AUDIT +SELINUX +IMA +APPARMOR +SMACK +SYSVINIT +UTMP +LIBCRYPTSETUP +GCRYPT +GNUTLS +ACL +XZ +LZ4 +SECCOMP +BLKID +ELFUTILS +KMOD -IDN2 +IDN -PCRE2 default-hierarchy=hybrid)
[    6.714783] systemd[1]: Detected virtualization oracle.
[    6.715684] systemd[1]: Detected architecture x86-64.

Welcome to [1mUbuntu 18.04.6 LTS[0m!

[    6.722402] systemd[1]: Set hostname to <ubuntu>.
[    6.725689] systemd[1]: Initializing machine ID from random generator.
[    6.726900] systemd[1]: Installed transient /etc/machine-id file.
[    6.953442] systemd[1]: Reached target Mounting snaps.
[[0;32m  OK  [0m] Reached target Mounting snaps.
[    6.954865] systemd[1]: Reached target System Time Synchronized.
[[0;32m  OK  [0m] Reached target System Time Synchronized.
[    6.957632] systemd[1]: Created slice System Slice.
[[0;32m  OK  [0m] Created slice System Slice.
[    6.958934] systemd[1]: Listening on Syslog Socket.
[[0;32m  OK  [0m] Listening on Syslog Socket.
[[0;32m  OK  [0m] Created slice system-serial\x2dgetty.slice.
[[0;32m  OK  [0m] Listening on udev Kernel Socket.
[[0;32m  OK  [0m] Set up automount Arbitrary Executab…rmats File System Automount Point.
[[0;32m  OK  [0m] Reached target User and Group Name Lookups.
[[0;32m  OK  [0m] Listening on Device-mapper event daemon FIFOs.
[[0;32m  OK  [0m] Reached target Swap.
[[0;32m  OK  [0m] Listening on udev Control Socket.
[[0;32m  OK  [0m] Started Forward Password Requests to Wall Directory Watch.
[[0;32m  OK  [0m] Listening on Journal Audit Socket.
[[0;32m  OK  [0m] Listening on /dev/initctl Compatibility Named Pipe.
[[0;32m  OK  [0m] Listening on LVM2 poll daemon socket.
[[0;32m  OK  [0m] Created slice User and Session Slice.
[[0;32m  OK  [0m] Reached target Slices.
[[0;32m  OK  [0m] Listening on Journal Socket.
         Starting Load Kernel Modules...
         Starting Set the console keyboard layout...
         Mounting Kernel Debug File System...
         Starting udev Coldplug all Devices...
         Starting Uncomplicated firewall...
[[0;32m  OK  [0m] Listening on Journal Socket (/dev/log).
         Starting Journal Service...
[[0;32m  OK  [0m] Reached target Mounted snaps.
[[0;32m  OK  [0m] Listening on LVM2 metadata daemon socket.
[    7.031777] Loading iSCSI transport class v2.0-870.
         Starting Monitoring of LVM2 mirrors…ng dmeventd or progress polling...
         Starting Create list of required st…ce nodes for the current kernel...
         Mounting POSIX Message Queue File System...
         Mounting Huge Pages File System...
[[0;32m  OK  [0m] Listening on fsck to fsckd communication Socket.
         Starting File System Check on Root Device...
[[0;32m  OK  [0m] Listening on Network Service Netlink Socket.
[    7.043182] iscsi: registered transport (tcp)
[    7.057500] iscsi: registered transport (iser)
[[0;32m  OK  [0m] Started Load Kernel Modules.
         Starting Apply Kernel Variables...
         Mounting FUSE Control File System...
         Mounting Kernel Configuration File System...
[[0;32m  OK  [0m] Started Uncomplicated firewall.
[[0;32m  OK  [0m] Started Journal Service.
[[0;32m  OK  [0m] Started LVM2 metadata daemon.
[[0;32m  OK  [0m] Started Create list of required sta…vice nodes for the current kernel.
[[0;32m  OK  [0m] Started udev Coldplug all Devices.
         Starting Create Static Device Nodes in /dev...
[[0;32m  OK  [0m] Started File System Check Daemon to report status.
[[0;32m  OK  [0m] Mounted Kernel Debug File System.
[[0;32m  OK  [0m] Mounted Kernel Configuration File System.
[[0;32m  OK  [0m] Mounted POSIX Message Queue File System.
[[0;32m  OK  [0m] Mounted Huge Pages File System.
[[0;32m  OK  [0m] Mounted FUSE Control File System.
[[0;32m  OK  [0m] Started Create Static Device Nodes in /dev.
[[0;32m  OK  [0m] Started Apply Kernel Variables.
[[0;32m  OK  [0m] Started File System Check on Root Device.
         Starting Remount Root and Kernel File Systems...
[[0;32m  OK  [0m] Started Monitoring of LVM2 mirrors,…sing dmeventd or progress polling.
[[0;32m  OK  [0m] Started Remount Root and Kernel File Systems.
         Starting Flush Journal to Persistent Storage...
         Starting udev Kernel Device Manager...
         Starting Load/Save Random Seed...
[[0;32m  OK  [0m] Started Load/Save Random Seed.
[[0;32m  OK  [0m] Started udev Kernel Device Manager.
[[0;32m  OK  [0m] Started Flush Journal to Persistent Storage.
[[0;32m  OK  [0m] Found device /dev/ttyS0.
[[0;32m  OK  [0m] Listening on Load/Save RF Kill Switch Status /dev/rfkill Watch.
         Mounting Arbitrary Executable File Formats File System...
[[0;32m  OK  [0m] Mounted Arbitrary Executable File Formats File System.
[[0;32m  OK  [0m] Started Set the console keyboard layout.
[[0;32m  OK  [0m] Started Dispatch Password Requests to Console Directory Watch.
[[0;32m  OK  [0m] Reached target Local Encrypted Volumes.
[[0;32m  OK  [0m] Reached target Local File Systems (Pre).
[[0;32m  OK  [0m] Reached target Local File Systems.
         Starting AppArmor initialization...
         Starting Set console font and keymap...
         Starting Create Volatile Files and Directories...
         Starting Tell Plymouth To Write Out Runtime Data...
         Starting Commit a transient machine-id on disk...
         Starting ebtables ruleset management...
[[0;32m  OK  [0m] Started Create Volatile Files and Directories.
         Starting Update UTMP about System Boot/Shutdown...
[[0;32m  OK  [0m] Started Tell Plymouth To Write Out Runtime Data.
[[0;32m  OK  [0m] Started Update UTMP about System Boot/Shutdown.
[[0;32m  OK  [0m] Started Commit a transient machine-id on disk.
[[0;32m  OK  [0m] Started ebtables ruleset management.
[[0;32m  OK  [0m] Started Set console font and keymap.
[[0;32m  OK  [0m] Started AppArmor initialization.
         Starting Initial cloud-init job (pre-networking)...
         Starting Load AppArmor profiles managed internally by snapd...
[[0;32m  OK  [0m] Started Load AppArmor profiles managed internally by snapd.
[   10.040996] cloud-init[840]: Cloud-init v. 23.1.2-0ubuntu0~18.04.1 running 'init-local' at Mon, 21 Apr 2025 19:27:16 +0000. Up 9.73 seconds.
[[0;32m  OK  [0m] Started Initial cloud-init job (pre-networking).
[[0;32m  OK  [0m] Reached target Network (Pre).
         Starting Network Service...
[[0;32m  OK  [0m] Started Network Service.
         Starting Wait for Network to be Configured...
         Starting Network Name Resolution...
[[0;32m  OK  [0m] Started Network Name Resolution.
[[0;32m  OK  [0m] Reached target Network.
[[0;32m  OK  [0m] Reached target Host and Network Name Lookups.
[[0;32m  OK  [0m] Started Wait for Network to be Configured.
         Starting Initial cloud-init job (metadata service crawler)...
[   12.555342] cloud-init[959]: Cloud-init v. 23.1.2-0ubuntu0~18.04.1 running 'init' at Mon, 21 Apr 2025 19:27:19 +0000. Up 12.37 seconds.
[   12.558028] cloud-init[959]: ci-info: ++++++++++++++++++++++++++++++++++++++Net device info+++++++++++++++++++++++++++++++++++++++
[   12.560026] cloud-init[959]: ci-info: +--------+-------+----------------------------+---------------+--------+-------------------+
[   12.562442] cloud-init[959]: ci-info: | Device |   Up  |          Address           |      Mask     | Scope  |     Hw-Address    |
[   12.564551] cloud-init[959]: ci-info: +--------+-------+----------------------------+---------------+--------+-------------------+
[   12.566225] cloud-init[959]: ci-info: | enp0s3 |  True |         10.0.2.15          | 255.255.255.0 | global | 02:3b:7b:b7:3b:2d |
[   12.567781] cloud-init[959]: ci-info: | enp0s3 |  True | fd00::3b:7bff:feb7:3b2d/64 |       .       | global | 02:3b:7b:b7:3b:2d |
[   12.571699] cloud-init[959]: ci-info: | enp0s3 |  True | fe80::3b:7bff:feb7:3b2d/64 |       .       |  link  | 02:3b:7b:b7:3b:2d |
[   12.573320] cloud-init[959]: ci-info: | enp0s8 | False |             .              |       .       |   .    | 08:00:27:d8:06:88 |
[   12.575070] cloud-init[959]: ci-info: |   lo   |  True |         127.0.0.1          |   255.0.0.0   |  host  |         .         |
[   12.588825] cloud-init[959]: ci-info: |   lo   |  True |          ::1/128           |       .       |  host  |         .         |
[   12.589903] cloud-init[959]: ci-info: +--------+-------+----------------------------+---------------+--------+-------------------+
[   12.591252] cloud-init[959]: ci-info: ++++++++++++++++++++++++++++Route IPv4 info+++++++++++++++++++++++++++++
[   12.592360] cloud-init[959]: ci-info: +-------+-------------+----------+-----------------+-----------+-------+
[   12.593295] cloud-init[959]: ci-info: | Route | Destination | Gateway  |     Genmask     | Interface | Flags |
[   12.594280] cloud-init[959]: ci-info: +-------+-------------+----------+-----------------+-----------+-------+
[   12.595901] cloud-init[959]: ci-info: |   0   |   0.0.0.0   | 10.0.2.2 |     0.0.0.0     |   enp0s3  |   UG  |
[   12.608709] cloud-init[959]: ci-info: |   1   |   10.0.2.0  | 0.0.0.0  |  255.255.255.0  |   enp0s3  |   U   |
[   12.611318] cloud-init[959]: ci-info: |   2   |   10.0.2.2  | 0.0.0.0  | 255.255.255.255 |   enp0s3  |   UH  |
[   12.615229] cloud-init[959]: ci-info: +-------+-------------+----------+-----------------+-----------+-------+
[   12.616568] cloud-init[959]: ci-info: +++++++++++++++++++Route IPv6 info+++++++++++++++++++
[   12.617549] cloud-init[959]: ci-info: +-------+-------------+---------+-----------+-------+
[   12.618608] cloud-init[959]: ci-info: | Route | Destination | Gateway | Interface | Flags |
[   12.619483] cloud-init[959]: ci-info: +-------+-------------+---------+-----------+-------+
[   12.620413] cloud-init[959]: ci-info: |   1   |  fd00::/64  |    ::   |   enp0s3  |   U   |
[   12.621466] cloud-init[959]: ci-info: |   2   |  fe80::/64  |    ::   |   enp0s3  |   U   |
[   12.622565] cloud-init[959]: ci-info: |   3   |     ::/0    | fe80::2 |   enp0s3  |   UG  |
[   12.624247] cloud-init[959]: ci-info: |   5   |    local    |    ::   |   enp0s3  |   U   |
[   12.625801] cloud-init[959]: ci-info: |   6   |   ff00::/8  |    ::   |   enp0s3  |   U   |
[   12.626953] cloud-init[959]: ci-info: +-------+-------------+---------+-----------+-------+
[   13.643959] cloud-init[959]: Generating public/private rsa key pair.
[   13.645378] cloud-init[959]: Your identification has been saved in /etc/ssh/ssh_host_rsa_key.
[   13.647040] cloud-init[959]: Your public key has been saved in /etc/ssh/ssh_host_rsa_key.pub.
[   13.649588] cloud-init[959]: The key fingerprint is:
[   13.650273] cloud-init[959]: SHA256:8LZYoOmqlnkoylM93oW80soAbF6VZZW7C3ou390Dql8 root@ubuntu-bionic
[   13.651238] cloud-init[959]: The key's randomart image is:
[   13.652014] cloud-init[959]: +---[RSA 2048]----+
[   13.652525] cloud-init[959]: |       o...      |
[   13.653226] cloud-init[959]: |      +  .       |
[   13.653805] cloud-init[959]: |     oo   .      |
[   13.654534] cloud-init[959]: |.   .o + .       |
[   13.655051] cloud-init[959]: | + .+ . S .      |
[   13.655610] cloud-init[959]: |o oo o B + .     |
[   13.656209] cloud-init[959]: | .=.o * = oE.    |
[   13.656741] cloud-init[959]: |o* oo= =.oo ..   |
[   13.657401] cloud-init[959]: |*o+  oB+oo . ..  |
[   13.658204] cloud-init[959]: +----[SHA256]-----+
[   13.658649] cloud-init[959]: Generating public/private dsa key pair.
[   13.672587] cloud-init[959]: Your identification has been saved in /etc/ssh/ssh_host_dsa_key.
[   13.673632] cloud-init[959]: Your public key has been saved in /etc/ssh/ssh_host_dsa_key.pub.
[   13.674589] cloud-init[959]: The key fingerprint is:
[   13.675176] cloud-init[959]: SHA256:B3kOPP2kkQ4lglbjCGYAwitXYDV4tAywKhKBeB6+En0 root@ubuntu-bionic
[   13.676150] cloud-init[959]: The key's randomart image is:
[   13.676766] cloud-init[959]: +---[DSA 1024]----+
[   13.677250] cloud-init[959]: |@oB=+o+ . .      |
[   13.678004] cloud-init[959]: |+B++== + = .     |
[   13.678524] cloud-init[959]: |o=.=+ . B = .    |
[   13.679135] cloud-init[959]: |+o= E    O =     |
[   13.692620] cloud-init[959]: |=o o    S = .    |
[   13.694216] cloud-init[959]: |+ .      .       |
[   13.704393] cloud-init[959]: | .               |
[   13.704949] cloud-init[959]: |                 |
[   13.705625] cloud-init[959]: |                 |
[   13.706280] cloud-init[959]: +----[SHA256]-----+
[   13.706915] cloud-init[959]: Generating public/private ecdsa key pair.
[   13.707633] cloud-init[959]: Your identification has been saved in /etc/ssh/ssh_host_ecdsa_key.
[   13.708533] cloud-init[959]: Your public key has been saved in /etc/ssh/ssh_host_ecdsa_key.pub.
[   13.709623] cloud-init[959]: The key fingerprint is:
[   13.710358] cloud-init[959]: SHA256:fzn3p37aFaArf+kOr7DU2yxNxaeaLtc6EWzxg5vzs+c root@ubuntu-bionic
[   13.711212] cloud-init[959]: The key's randomart image is:
[   13.711792] cloud-init[959]: +---[ECDSA 256]---+
[   13.712386] cloud-init[959]: |                 |
[   13.713594] cloud-init[959]: |            .    |
[   13.714693] cloud-init[959]: |           . =.  |
[   13.715805] cloud-init[959]: |            * +o.|
[   13.716332] cloud-init[959]: |        S  o +.+.|
[   13.717101] cloud-init[959]: |         .. *o. .|
[   13.717788] cloud-init[959]: |         +.+*Bo .|
[   13.718518] cloud-init[959]: |        . *o@*+o=|
[   13.719623] cloud-init[959]: |         . BOX=OE|
[   13.720496] cloud-init[959]: +----[SHA256]-----+
[   13.721271] cloud-init[959]: Generating public/private ed25519 key pair.
[   13.722078] cloud-init[959]: Your identification has been saved in /etc/ssh/ssh_host_ed25519_key.
[   13.722908] cloud-init[959]: Your public key has been saved in /etc/ssh/ssh_host_ed25519_key.pub.
[   13.723703] cloud-init[959]: The key fingerprint is:
[   13.724277] cloud-init[959]: SHA256:jXIT8UyipG98H68fMh9JUtPPjz4hg7pT8UybYMjAxXo root@ubuntu-bionic
[   13.725208] cloud-init[959]: The key's randomart image is:
[   13.725746] cloud-init[959]: +--[ED25519 256]--+
[   13.726368] cloud-init[959]: |     ..o+ .      |
[   13.726879] cloud-init[959]: |     oo..*   .   |
[   13.727465] cloud-init[959]: |    . .+..o o .  |
[   13.728165] cloud-init[959]: |     o. E++... o |
[   13.728866] cloud-init[959]: |      =.S.+B.o  o|
[   13.729592] cloud-init[959]: |     . + oo=B....|
[   13.730870] cloud-init[959]: |         o+ =o...|
[   13.731546] cloud-init[959]: |        o  = +.  |
[   13.732227] cloud-init[959]: |        .o..o .. |
[   13.732880] cloud-init[959]: +----[SHA256]-----+
[[0;32m  OK  [0m] Started Initial cloud-init job (metadata service crawler).
[[0;32m  OK  [0m] Reached target System Initialization.
[[0;32m  OK  [0m] Listening on ACPID Listen Socket.
[[0;32m  OK  [0m] Started Daily apt download activities.
[[0;32m  OK  [0m] Started Daily apt upgrade and clean activities.
         Starting Socket activation for snappy daemon.
         Starting LXD - unix socket.
[[0;32m  OK  [0m] Started Ubuntu Advantage Timer for running repeated jobs.
[[0;32m  OK  [0m] Started ACPI Events Check.
[[0;32m  OK  [0m] Listening on cloud-init hotplug hook socket.
[[0;32m  OK  [0m] Started Daily Cleanup of Temporary Directories.
[[0;32m  OK  [0m] Started Discard unused blocks once a week.
[[0;32m  OK  [0m] Listening on D-Bus System Message Bus Socket.
[[0;32m  OK  [0m] Listening on UUID daemon activation socket.
[[0;32m  OK  [0m] Reached target Paths.
[[0;32m  OK  [0m] Started Message of the Day.
[[0;32m  OK  [0m] Reached target Timers.
[[0;32m  OK  [0m] Listening on Open-iSCSI iscsid Socket.
[[0;32m  OK  [0m] Reached target Cloud-config availability.
[[0;32m  OK  [0m] Reached target Network is Online.
         Starting Availability of block devices...
[[0;32m  OK  [0m] Reached target Remote File Systems (Pre).
[[0;32m  OK  [0m] Reached target Remote File Systems.
[[0;32m  OK  [0m] Listening on Socket activation for snappy daemon.
[[0;32m  OK  [0m] Listening on LXD - unix socket.
[[0;32m  OK  [0m] Reached target Sockets.
[[0;32m  OK  [0m] Reached target Basic System.
         Starting Pollinate to seed the pseudo random number generator...
[[0;32m  OK  [0m] Started D-Bus System Message Bus.
         Starting System Logging Service...
[[0;32m  OK  [0m] Reached target Login Prompts (Pre).
[[0;32m  OK  [0m] Started Regular background program processing daemon.
         Starting LSB: Record successful boot for GRUB...
         Starting Login Service...
         Starting Snap Daemon...
         Starting Permit User Sessions...
         Starting Virtualbox guest utils...
[[0;32m  OK  [0m] Started Deferred execution scheduler.
         Starting LXD - container startup/shutdown...
[[0;32m  OK  [0m] Started FUSE filesystem for LXC.
         Starting LSB: automatic crash report generation...
         Starting Accounts Service...
         Starting Dispatcher daemon for systemd-networkd...
[[0;32m  OK  [0m] Started irqbalance daemon.
[[0;32m  OK  [0m] Started System Logging Service.
[[0;32m  OK  [0m] Started Availability of block devices.
[[0;32m  OK  [0m] Started Permit User Sessions.
[[0;32m  OK  [0m] Started Login Service.
[[0;32m  OK  [0m] Started Unattended Upgrades Shutdown.
         Starting Hostname Service...
         Starting Hold until boot process finishes up...
         Starting Terminate Plymouth Boot Screen...
[[0;32m  OK  [0m] Started LSB: automatic crash report generation.
[[0;32m  OK  [0m] Started Hold until boot process finishes up.
[[0;32m  OK  [0m] Started Terminate Plymouth Boot Screen.
         Starting Set console scheme...
[[0;32m  OK  [0m] Started Serial Getty on ttyS0.
         Starting Authorization Manager...
[[0;32m  OK  [0m] Started LSB: Record successful boot for GRUB.
[[0;32m  OK  [0m] Started Authorization Manager.
[[0;32m  OK  [0m] Started Accounts Service.
[[0;32m  OK  [0m] Started Set console scheme.
[[0;32m  OK  [0m] Created slice system-getty.slice.
[[0;32m  OK  [0m] Started Getty on tty1.
[[0;32m  OK  [0m] Reached target Login Prompts.
[[0;32m  OK  [0m] Started Hostname Service.
[[0;32m  OK  [0m] Started Virtualbox guest utils.
[[0;32m  OK  [0m] Started LXD - container startup/shutdown.
[[0;32m  OK  [0m] Started Dispatcher daemon for systemd-networkd.
[[0;32m  OK  [0m] Started Snap Daemon.
         Starting Wait until snapd is fully seeded...
[[0;32m  OK  [0m] Started Pollinate to seed the pseudo random number generator.
         Starting OpenBSD Secure Shell server...
[[0;32m  OK  [0m] Started OpenBSD Secure Shell server.
[[0;32m  OK  [0m] Created slice User Slice of vagrant.
         Starting User Manager for UID 1000...
[[0;32m  OK  [0m] Started Session 1 of user vagrant.
[[0;32m  OK  [0m] Started User Manager for UID 1000.
         Starting Time & Date Service...
[[0;32m  OK  [0m] Started Time & Date Service.
[[0;32m  OK  [0m] Started Wait until snapd is fully seeded.
         Starting Apply the settings specified in cloud-config...
[   18.492939] cloud-init[1648]: Cloud-init v. 23.1.2-0ubuntu0~18.04.1 running 'modules:config' at Mon, 21 Apr 2025 19:27:24 +0000. Up 18.13 seconds.
[[0;32m  OK  [0m] Started Apply the settings specified in cloud-config.
[[0;32m  OK  [0m] Reached target Multi-User System.
[[0;32m  OK  [0m] Reached target Graphical Interface.
         Starting Update UTMP about System Runlevel Changes...
         Starting Execute cloud user/final scripts...
[[0;32m  OK  [0m] Started Update UTMP about System Runlevel Changes.
ci-info: no authorized SSH keys fingerprints found for user ubuntu.
<14>Apr 21 19:27:26 cloud-init: #############################################################
<14>Apr 21 19:27:26 cloud-init: -----BEGIN SSH HOST KEY FINGERPRINTS-----
<14>Apr 21 19:27:26 cloud-init: 1024 SHA256:B3kOPP2kkQ4lglbjCGYAwitXYDV4tAywKhKBeB6+En0 root@ubuntu-bionic (DSA)
<14>Apr 21 19:27:26 cloud-init: 256 SHA256:fzn3p37aFaArf+kOr7DU2yxNxaeaLtc6EWzxg5vzs+c root@ubuntu-bionic (ECDSA)
<14>Apr 21 19:27:26 cloud-init: 256 SHA256:jXIT8UyipG98H68fMh9JUtPPjz4hg7pT8UybYMjAxXo root@ubuntu-bionic (ED25519)
<14>Apr 21 19:27:26 cloud-init: 2048 SHA256:8LZYoOmqlnkoylM93oW80soAbF6VZZW7C3ou390Dql8 root@ubuntu-bionic (RSA)
<14>Apr 21 19:27:26 cloud-init: -----END SSH HOST KEY FINGERPRINTS-----
<14>Apr 21 19:27:26 cloud-init: #############################################################
-----BEGIN SSH HOST KEY KEYS-----
ecdsa-sha2-nistp256 AAAAE2VjZHNhLXNoYTItbmlzdHAyNTYAAAAIbmlzdHAyNTYAAABBBF7AP28HTLwck4gtaoMZjM4UDhWOtfeSfX2fjHkGWSTu2KnM8hgRb5TnSBafejOr8oePAE+dgi7dFwXqgiwvAG8= root@ubuntu-bionic
ssh-ed25519 AAAAC3NzaC1lZDI1NTE5AAAAIDXx2668Pl8ri/3li38A2zX9Yovj3+Xx6JnEj8QHW9vp root@ubuntu-bionic
ssh-rsa AAAAB3NzaC1yc2EAAAADAQABAAABAQC5eRyOLXfXePMowwijoOVZ7T6JRSgInZ/1DemJXiZjOy/3P+DoqGzekxrKohrHDzSgWyKq7Wdkakt2TkFIq0gXdavgPPJshbhyVZoB7uxf6RlKaoEdVEzV3YQIuT7f9XPw99kbNWnZONujNSNSUUCA/islfgnoxNMPCPW4+pltl2xyrFKhCrVfQbKxforiUwHIXYcF3KNWqYsuWPK1H333UTI1zi1P9IgZkwo31NE90EWT4GaP/ZHZCq525zsmdPKZBqM0A8et1yahUZgZMKBs4m2AdKZCZyeg6eO4v9gHRyDOSSU4MgMrfMxF1zAFsSbs1MC64J2CNuMtfEiC9491 root@ubuntu-bionic
-----END SSH HOST KEY KEYS-----
[   19.786566] cloud-init[1800]: Cloud-init v. 23.1.2-0ubuntu0~18.04.1 running 'modules:final' at Mon, 21 Apr 2025 19:27:26 +0000. Up 19.42 seconds.
[   19.786657] cloud-init[1800]: Cloud-init v. 23.1.2-0ubuntu0~18.04.1 finished at Mon, 21 Apr 2025 19:27:26 +0000. Datasource DataSourceNoCloud [seed=/dev/sdb][dsmode=net].  Up 19.67 seconds

Ubuntu 18.04.6 LTS ubuntu-bionic ttyS0

ubuntu-bionic login:          Stopping User Manager for UID 1000...
[[0;32m  OK  [0m] Stopped target Host and Network Name Lookups.
[[0;32m  OK  [0m] Closed Load/Save RF Kill Switch Status /dev/rfkill Watch.
[[0;32m  OK  [0m] Stopped target Timers.
         Stopping Availability of block devices...
[[0;32m  OK  [0m] Stopped Message of the Day.
[[0;32m  OK  [0m] Stopped Ubuntu Advantage Timer for running repeated jobs.
[[0;32m  OK  [0m] Stopped Daily apt upgrade and clean activities.
[[0;32m  OK  [0m] Stopped Daily apt download activities.
         Stopping Session 7 of user vagrant.
         Stopping Authorization Manager...
[[0;32m  OK  [0m] Stopped Daily Cleanup of Temporary Directories.
[[0;32m  OK  [0m] Stopped target Graphical Interface.
         Stopping Accounts Service...
[[0;32m  OK  [0m] Stopped Discard unused blocks once a week.
[[0;32m  OK  [0m] Stopped target System Time Synchronized.
[[0;32m  OK  [0m] Stopped target Cloud-init target.
[[0;32m  OK  [0m] Stopped Execute cloud user/final scripts.
[[0;32m  OK  [0m] Stopped Apply the settings specified in cloud-config.
[[0;32m  OK  [0m] Stopped target Cloud-config availability.
[[0;32m  OK  [0m] Stopped target Multi-User System.
         Stopping LSB: automatic crash report generation...
[[0;32m  OK  [0m] Stopped Wait until snapd is fully seeded.
         Stopping Ubuntu FAN network setup...
         Stopping System Logging Service...
         Stopping D-Bus System Message Bus...
         Stopping irqbalance daemon...
         Stopping Regular background program processing daemon...
         Stopping Deferred execution scheduler...
[[0;32m  OK  [0m] Stopped target Login Prompts.
         Stopping Serial Getty on ttyS0...
         Stopping Getty on tty1...
         Stopping Docker Application Container Engine...
         Stopping LSB: Record successful boot for GRUB...
         Stopping Virtualbox guest utils...
         Stopping OpenBSD Secure Shell server...
         Stopping A high performance web server and a reverse proxy server...
         Stopping LXD - container startup/shutdown...
         Stopping FUSE filesystem for LXC...
         Stopping Dispatcher daemon for systemd-networkd...
[[0;32m  OK  [0m] Unmounted /var/lib/lxcfs.
[[0;32m  OK  [0m] Stopped System Logging Service.
[[0;32m  OK  [0m] Stopped Regular background program processing daemon.
[[0;32m  OK  [0m] Stopped Deferred execution scheduler.
[[0;32m  OK  [0m] Stopped Accounts Service.
[[0;32m  OK  [0m] Stopped Dispatcher daemon for systemd-networkd.
[[0;32m  OK  [0m] Stopped irqbalance daemon.
[[0;32m  OK  [0m] Stopped Serial Getty on ttyS0.
[[0;32m  OK  [0m] Stopped Authorization Manager.
[[0;32m  OK  [0m] Stopped Getty on tty1.
[[0;32m  OK  [0m] Stopped OpenBSD Secure Shell server.
[[0;32m  OK  [0m] Stopped User Manager for UID 1000.
[[0;32m  OK  [0m] Stopped Availability of block devices.
[[0;32m  OK  [0m] Stopped D-Bus System Message Bus.
[[0;32m  OK  [0m] Stopped Session 7 of user vagrant.
[[0;32m  OK  [0m] Removed slice User Slice of vagrant.
         Stopping Login Service...
[[0;32m  OK  [0m] Removed slice system-getty.slice.
[[0;32m  OK  [0m] Stopped target Login Prompts (Pre).
         Stopping Permit User Sessions...
[[0;32m  OK  [0m] Removed slice system-serial\x2dgetty.slice.
[[0;32m  OK  [0m] Stopped FUSE filesystem for LXC.
[[0;32m  OK  [0m] Stopped Docker Application Container Engine.
         Stopping containerd container runtime...
[[0;32m  OK  [0m] Stopped LXD - container startup/shutdown.
[[0;32m  OK  [0m] Stopped A high performance web server and a reverse proxy server.
[[0;32m  OK  [0m] Stopped Permit User Sessions.
[[0;32m  OK  [0m] Stopped containerd container runtime.
[[0;32m  OK  [0m] Stopped Login Service.
[[0;32m  OK  [0m] Stopped target User and Group Name Lookups.
[[0;32m  OK  [0m] Stopped Ubuntu FAN network setup.
[[0;32m  OK  [0m] Stopped LSB: Record successful boot for GRUB.
[[0;32m  OK  [0m] Stopped LSB: automatic crash report generation.
[[0;32m  OK  [0m] Stopped target Remote File Systems.
         Unmounting /home/vagrant/cfm...
         Unmounting /vagrant...
[[0;32m  OK  [0m] Stopped Virtualbox guest utils.
[[0;32m  OK  [0m] Stopped target Basic System.
[[0;32m  OK  [0m] Stopped target Sockets.
[[0;32m  OK  [0m] Closed Socket activation for snappy daemon.
[[0;32m  OK  [0m] Closed D-Bus System Message Bus Socket.
[[0;32m  OK  [0m] Closed Docker Socket for the API.
[[0;32m  OK  [0m] Closed UUID daemon activation socket.
[[0;32m  OK  [0m] Closed cloud-init hotplug hook socket.
[[0;32m  OK  [0m] Closed ACPID Listen Socket.
[[0;32m  OK  [0m] Closed Syslog Socket.
[[0;32m  OK  [0m] Closed LXD - unix socket.
[[0;32m  OK  [0m] Closed Open-iSCSI iscsid Socket.
[[0;32m  OK  [0m] Stopped target Slices.
[[0;32m  OK  [0m] Removed slice User and Session Slice.
[[0;32m  OK  [0m] Stopped target Paths.
[[0;32m  OK  [0m] Stopped ACPI Events Check.
[[0;32m  OK  [0m] Stopped target System Initialization.
[[0;32m  OK  [0m] Stopped Commit a transient machine-id on disk.
         Stopping Update UTMP about System Boot/Shutdown...
         Stopping Load/Save Random Seed...
[[0;32m  OK  [0m] Stopped target Local Encrypted Volumes.
[[0;32m  OK  [0m] Stopped Forward Password Requests to Wall Directory Watch.
[[0;32m  OK  [0m] Stopped Dispatch Password Requests to Console Directory Watch.
[[0;32m  OK  [0m] Unmounted /home/vagrant/cfm.
[[0;32m  OK  [0m] Unmounted /vagrant.
[[0;32m  OK  [0m] Stopped Load/Save Random Seed.
[[0;32m  OK  [0m] Stopped target Remote File Systems (Pre).
[[0;32m  OK  [0m] Stopped target Network is Online.
[[0;32m  OK  [0m] Stopped Initial cloud-init job (metadata service crawler).
[[0;32m  OK  [0m] Stopped target Network.
         Stopping Network Name Resolution...
[[0;32m  OK  [0m] Stopped Update UTMP about System Boot/Shutdown.
[[0;32m  OK  [0m] Stopped Network Name Resolution.
[[0;32m  OK  [0m] Stopped Create Volatile Files and Directories.
[[0;32m  OK  [0m] Stopped target Local File Systems.
         Unmounting /run/docker/netns/default...
[[0;32m  OK  [0m] Stopped target Mounted snaps.
[[0;32m  OK  [0m] Stopped target Mounting snaps.
         Unmounting /run/user/1000...
         Stopping Network Service...
[[0;32m  OK  [0m] Unmounted /run/docker/netns/default.
[[0;32m  OK  [0m] Unmounted /run/user/1000.
[[0;32m  OK  [0m] Reached target Unmount All Filesystems.
[[0;32m  OK  [0m] Stopped target Swap.
[[0;32m  OK  [0m] Stopped target Local File Systems (Pre).
[[0;32m  OK  [0m] Stopped Create Static Device Nodes in /dev.
         Stopping Monitoring of LVM2 mirrors…ng dmeventd or progress polling...
[[0;32m  OK  [0m] Stopped Monitoring of LVM2 mirrors,…sing dmeventd or progress polling.
         Stopping LVM2 metadata daemon...
[[0;32m  OK  [0m] Stopped LVM2 metadata daemon.
[[0;32m  OK  [0m] Stopped Network Service.
[[0;32m  OK  [0m] Stopped Apply Kernel Variables.
[[0;32m  OK  [0m] Stopped Load Kernel Modules.
[[0;32m  OK  [0m] Stopped target Network (Pre).
[[0;32m  OK  [0m] Stopped Initial cloud-init job (pre-networking).
[[0;32m  OK  [0m] Stopped Remount Root and Kernel File Systems.
[[0;32m  OK  [0m] Reached target Shutdown.
[[0;32m  OK  [0m] Reached target Final Step.
         Starting Power-Off...
[  350.805451] reboot: Power down
